<?xml version="1.0" encoding="UTF-8"?>
<!-- Generated by org.testng.reporters.JUnitXMLReporter -->
<testsuite ignored="0" hostname="DESKTOP-QRVR8UV" failures="0" tests="3" name="Default test" time="30.994" errors="0" timestamp="2026-02-09T18:27:23 IST">
  <testcase classname="testCases.Tc3_LoginDDT" name="loginDDT" time="2.063"/>
  <testcase classname="testCases.Tc3_LoginDDT" name="loginDDT" time="11.337"/>
  <testcase classname="testCases.Tc3_LoginDDT" name="loginDDT" time="10.481"/>
</testsuite> <!-- Default test -->
