<?xml version="1.0" encoding="UTF-8"?>
<!-- Generated by org.testng.reporters.JUnitReportReporter -->
<testsuite hostname="DESKTOP-QRVR8UV" failures="0" tests="3" name="testCases.Tc3_LoginDDT" time="23.881" errors="0" timestamp="2026-02-09T18:27:23 IST" skipped="0">
  <testcase classname="testCases.Tc3_LoginDDT" name="loginDDT" time="2.063"/>
  <testcase classname="testCases.Tc3_LoginDDT" name="loginDDT" time="10.481"/>
  <testcase classname="testCases.Tc3_LoginDDT" name="loginDDT" time="11.337"/>
</testsuite> <!-- testCases.Tc3_LoginDDT -->
